<?xml version="1.0" encoding="UTF-8"?>
<!-- Generated by org.testng.reporters.JUnitXMLReporter -->
<testsuite ignored="0" hostname="LAPTOP-KJN1LOHG" failures="0" tests="8" name="Test On Firefox Browser" time="64.33" errors="0" timestamp="2025-07-07T12:25:56 IST">
  <testcase classname="Testcases.Test001PageTitle" name="TestPageTitle" time="1.816"/>
  <testcase classname="Testcases.Test004LoginDataprovider" name="test_01" time="1.748"/>
  <testcase classname="Testcases.Test004LoginDataprovider" name="test_01" time="11.26"/>
  <testcase classname="Testcases.Test004LoginDataprovider" name="test_01" time="11.174"/>
  <testcase classname="Testcases.Test004LoginDataprovider" name="test_01" time="11.088"/>
  <testcase classname="Testcases.Test004LoginDataprovider" name="test_01" time="1.715"/>
  <testcase classname="Testcases.Test003_groupList" name="test003_GrouListValidation" time="2.186"/>
  <testcase classname="Testcases.Test002CurrentURL" name="TestURL" time="1.817"/>
</testsuite> <!-- Test On Firefox Browser -->
