<?xml version="1.0" encoding="UTF-8"?>
<!-- Generated by org.testng.reporters.JUnitXMLReporter -->
<testsuite ignored="0" hostname="LAPTOP-KJN1LOHG" failures="0" tests="8" name="Test On chrome Browser" time="56.24" errors="0" timestamp="2025-07-07T12:24:51 IST">
  <testcase classname="Testcases.Test001PageTitle" name="TestPageTitle" time="3.241"/>
  <testcase classname="Testcases.Test004LoginDataprovider" name="test_01" time="1.925"/>
  <testcase classname="Testcases.Test004LoginDataprovider" name="test_01" time="10.628"/>
  <testcase classname="Testcases.Test004LoginDataprovider" name="test_01" time="11.317"/>
  <testcase classname="Testcases.Test004LoginDataprovider" name="test_01" time="10.803"/>
  <testcase classname="Testcases.Test004LoginDataprovider" name="test_01" time="1.776"/>
  <testcase classname="Testcases.Test003_groupList" name="test003_GrouListValidation" time="1.986"/>
  <testcase classname="Testcases.Test002CurrentURL" name="TestURL" time="2.001"/>
</testsuite> <!-- Test On chrome Browser -->
