<?xml version="1.0" encoding="UTF-8"?>
<!-- Generated by org.testng.reporters.JUnitXMLReporter -->
<testsuite ignored="0" hostname="LAPTOP-KJN1LOHG" failures="0" tests="5" name="Test" time="39.988" errors="0" timestamp="2025-09-27T00:35:45 IST">
  <testcase classname="Testcases.Test004LoginDataprovider" name="test_01" time="1.954"/>
  <testcase classname="Testcases.Test004LoginDataprovider" name="test_01" time="10.589"/>
  <testcase classname="Testcases.Test004LoginDataprovider" name="test_01" time="10.781"/>
  <testcase classname="Testcases.Test004LoginDataprovider" name="test_01" time="10.55"/>
  <testcase classname="Testcases.Test004LoginDataprovider" name="test_01" time="1.887"/>
</testsuite> <!-- Test -->
