<?xml version="1.0" encoding="UTF-8"?>
<testng-results ignored="0" total="5" passed="5" failed="0" skipped="0">
  <reporter-output>
  </reporter-output>
  <suite started-at="2025-09-27T00:35:03 IST" name="Suite" finished-at="2025-09-27T00:35:43 IST" duration-ms="39988">
    <groups>
      <group name="Sanity">
        <method signature="Test004LoginDataprovider.test_01(java.lang.String,java.lang.String,java.lang.String)[pri:0, instance:Testcases.Test004LoginDataprovider@3eb25e1a]" name="test_01" class="Testcases.Test004LoginDataprovider"/>
      </group> <!-- Sanity -->
    </groups>
    <test started-at="2025-09-27T00:35:03 IST" name="Test" finished-at="2025-09-27T00:35:43 IST" duration-ms="39988">
      <class name="Testcases.Test004LoginDataprovider">
        <test-method is-config="true" signature="Setup(java.lang.String)[pri:0, instance:Testcases.Test004LoginDataprovider@3eb25e1a]" started-at="2025-09-27T00:35:04 IST" name="Setup" finished-at="2025-09-27T00:35:06 IST" duration-ms="2531" status="PASS">
          <params>
            <param index="0">
              <value>
                <![CDATA[Chrome]]>
              </value>
            </param>
          </params>
          <reporter-output>
          </reporter-output>
        </test-method> <!-- Setup -->
        <test-method signature="test_01(java.lang.String,java.lang.String,java.lang.String)[pri:0, instance:Testcases.Test004LoginDataprovider@3eb25e1a]" started-at="2025-09-27T00:35:07 IST" name="test_01" data-provider="LoginData" finished-at="2025-09-27T00:35:09 IST" duration-ms="1954" status="PASS">
          <params>
            <param index="0">
              <value>
                <![CDATA[srinivastrainer4@gmail.com]]>
              </value>
            </param>
            <param index="1">
              <value>
                <![CDATA[Welcome@123]]>
              </value>
            </param>
            <param index="2">
              <value>
                <![CDATA[Valid]]>
              </value>
            </param>
          </params>
          <reporter-output>
          </reporter-output>
        </test-method> <!-- test_01 -->
        <test-method signature="test_01(java.lang.String,java.lang.String,java.lang.String)[pri:0, instance:Testcases.Test004LoginDataprovider@3eb25e1a]" started-at="2025-09-27T00:35:09 IST" name="test_01" data-provider="LoginData" finished-at="2025-09-27T00:35:20 IST" duration-ms="10589" status="PASS">
          <params>
            <param index="0">
              <value>
                <![CDATA[lakshsdami@yahoo.com]]>
              </value>
            </param>
            <param index="1">
              <value>
                <![CDATA[Lasadxmi]]>
              </value>
            </param>
            <param index="2">
              <value>
                <![CDATA[Invalid]]>
              </value>
            </param>
          </params>
          <reporter-output>
          </reporter-output>
        </test-method> <!-- test_01 -->
        <test-method signature="test_01(java.lang.String,java.lang.String,java.lang.String)[pri:0, instance:Testcases.Test004LoginDataprovider@3eb25e1a]" started-at="2025-09-27T00:35:20 IST" name="test_01" data-provider="LoginData" finished-at="2025-09-27T00:35:31 IST" duration-ms="10781" status="PASS">
          <params>
            <param index="0">
              <value>
                <![CDATA[laksdasdadh@yahoo.com]]>
              </value>
            </param>
            <param index="1">
              <value>
                <![CDATA[Laasdkshmi]]>
              </value>
            </param>
            <param index="2">
              <value>
                <![CDATA[Invalid]]>
              </value>
            </param>
          </params>
          <reporter-output>
          </reporter-output>
        </test-method> <!-- test_01 -->
        <test-method signature="test_01(java.lang.String,java.lang.String,java.lang.String)[pri:0, instance:Testcases.Test004LoginDataprovider@3eb25e1a]" started-at="2025-09-27T00:35:31 IST" name="test_01" data-provider="LoginData" finished-at="2025-09-27T00:35:41 IST" duration-ms="10550" status="PASS">
          <params>
            <param index="0">
              <value>
                <![CDATA[lakasds@yahoo.com]]>
              </value>
            </param>
            <param index="1">
              <value>
                <![CDATA[xyzasd]]>
              </value>
            </param>
            <param index="2">
              <value>
                <![CDATA[Invalid]]>
              </value>
            </param>
          </params>
          <reporter-output>
          </reporter-output>
        </test-method> <!-- test_01 -->
        <test-method signature="test_01(java.lang.String,java.lang.String,java.lang.String)[pri:0, instance:Testcases.Test004LoginDataprovider@3eb25e1a]" started-at="2025-09-27T00:35:41 IST" name="test_01" data-provider="LoginData" finished-at="2025-09-27T00:35:43 IST" duration-ms="1887" status="PASS">
          <params>
            <param index="0">
              <value>
                <![CDATA[abc123@gmail.com]]>
              </value>
            </param>
            <param index="1">
              <value>
                <![CDATA[test@123]]>
              </value>
            </param>
            <param index="2">
              <value>
                <![CDATA[Valid]]>
              </value>
            </param>
          </params>
          <reporter-output>
          </reporter-output>
        </test-method> <!-- test_01 -->
        <test-method is-config="true" signature="tearDown()[pri:0, instance:Testcases.Test004LoginDataprovider@3eb25e1a]" started-at="2025-09-27T00:35:43 IST" name="tearDown" finished-at="2025-09-27T00:35:43 IST" duration-ms="301" status="PASS">
          <reporter-output>
          </reporter-output>
        </test-method> <!-- tearDown -->
      </class> <!-- Testcases.Test004LoginDataprovider -->
    </test> <!-- Test -->
  </suite> <!-- Suite -->
</testng-results>
