<?xml version="1.0" encoding="UTF-8"?>
<testng-results ignored="0" total="2" passed="2" failed="0" skipped="0">
  <reporter-output>
  </reporter-output>
  <suite started-at="2025-12-01T13:39:36 IST" name="Suite" finished-at="2025-12-01T13:39:47 IST" duration-ms="10610">
    <groups>
    </groups>
    <test started-at="2025-12-01T13:39:36 IST" name="Test" finished-at="2025-12-01T13:39:47 IST" duration-ms="10610">
      <class name="Testcases.TestFaceBook01Title">
        <test-method is-config="true" signature="Setup(java.lang.String)[pri:0, instance:Testcases.TestFaceBook01Title@77c2494c]" started-at="2025-12-01T13:39:37 IST" name="Setup" finished-at="2025-12-01T13:39:41 IST" duration-ms="4266" status="PASS">
          <params>
            <param index="0">
              <value>
                <![CDATA[Chrome]]>
              </value>
            </param>
          </params>
          <reporter-output>
          </reporter-output>
        </test-method> <!-- Setup -->
        <test-method signature="testTitleFacebook()[pri:0, instance:Testcases.TestFaceBook01Title@77c2494c]" started-at="2025-12-01T13:39:41 IST" name="testTitleFacebook" finished-at="2025-12-01T13:39:43 IST" duration-ms="1673" status="PASS">
          <reporter-output>
          </reporter-output>
        </test-method> <!-- testTitleFacebook -->
        <test-method is-config="true" signature="tearDown()[pri:0, instance:Testcases.TestFaceBook01Title@77c2494c]" started-at="2025-12-01T13:39:43 IST" name="tearDown" finished-at="2025-12-01T13:39:43 IST" duration-ms="347" status="PASS">
          <reporter-output>
          </reporter-output>
        </test-method> <!-- tearDown -->
      </class> <!-- Testcases.TestFaceBook01Title -->
      <class name="Testcases.TestFacebook02">
        <test-method is-config="true" signature="Setup(java.lang.String)[pri:0, instance:Testcases.TestFacebook02@185a6e9]" started-at="2025-12-01T13:39:43 IST" name="Setup" finished-at="2025-12-01T13:39:45 IST" duration-ms="2340" status="PASS">
          <params>
            <param index="0">
              <value>
                <![CDATA[Chrome]]>
              </value>
            </param>
          </params>
          <reporter-output>
          </reporter-output>
        </test-method> <!-- Setup -->
        <test-method signature="testFacebookProperty()[pri:0, instance:Testcases.TestFacebook02@185a6e9]" started-at="2025-12-01T13:39:45 IST" name="testFacebookProperty" finished-at="2025-12-01T13:39:47 IST" duration-ms="1448" status="PASS">
          <reporter-output>
          </reporter-output>
        </test-method> <!-- testFacebookProperty -->
        <test-method is-config="true" signature="tearDown()[pri:0, instance:Testcases.TestFacebook02@185a6e9]" started-at="2025-12-01T13:39:47 IST" name="tearDown" finished-at="2025-12-01T13:39:47 IST" duration-ms="287" status="PASS">
          <reporter-output>
          </reporter-output>
        </test-method> <!-- tearDown -->
      </class> <!-- Testcases.TestFacebook02 -->
    </test> <!-- Test -->
  </suite> <!-- Suite -->
</testng-results>
